Flow report for RISC_processor
Mon Dec 10 17:04:38 2012
Quartus II Version 8.1 Build 163 10/28/2008 SJ Web Edition


---------------------
; Table of Contents ;
---------------------
  1. Legal Notice
  2. Flow Summary
  3. Flow Settings
  4. Flow Non-Default Global Settings
  5. Flow Elapsed Time
  6. Flow OS Summary
  7. Flow Log



----------------
; Legal Notice ;
----------------
Copyright (C) 1991-2008 Altera Corporation
Your use of Altera Corporation's design tools, logic functions 
and other software and tools, and its AMPP partner logic 
functions, and any output files from any of the foregoing 
(including device programming or simulation files), and any 
associated documentation or information are expressly subject 
to the terms and conditions of the Altera Program License 
Subscription Agreement, Altera MegaCore Function License 
Agreement, or other applicable license agreement, including, 
without limitation, that your use is for the sole purpose of 
programming logic devices manufactured by Altera and sold by 
Altera or its authorized distributors.  Please refer to the 
applicable agreement for further details.



+------------------------------------------------------------------------------+
; Flow Summary                                                                 ;
+------------------------------------+-----------------------------------------+
; Flow Status                        ; Successful - Mon Dec 10 17:04:38 2012   ;
; Quartus II Version                 ; 8.1 Build 163 10/28/2008 SJ Web Edition ;
; Revision Name                      ; RISC_processor                          ;
; Top-level Entity Name              ; RISC_processor                          ;
; Family                             ; Cyclone II                              ;
; Device                             ; EP2C35F672C6                            ;
; Timing Models                      ; Final                                   ;
; Met timing requirements            ; Yes                                     ;
; Total logic elements               ; 299 / 33,216 ( < 1 % )                  ;
;     Total combinational functions  ; 282 / 33,216 ( < 1 % )                  ;
;     Dedicated logic registers      ; 98 / 33,216 ( < 1 % )                   ;
; Total registers                    ; 98                                      ;
; Total pins                         ; 81 / 475 ( 17 % )                       ;
; Total virtual pins                 ; 0                                       ;
; Total memory bits                  ; 2,560 / 483,840 ( < 1 % )               ;
; Embedded Multiplier 9-bit elements ; 0 / 70 ( 0 % )                          ;
; Total PLLs                         ; 0 / 4 ( 0 % )                           ;
+------------------------------------+-----------------------------------------+


+-----------------------------------------+
; Flow Settings                           ;
+-------------------+---------------------+
; Option            ; Setting             ;
+-------------------+---------------------+
; Start date & time ; 12/10/2012 17:04:01 ;
; Main task         ; Compilation         ;
; Revision Name     ; RISC_processor      ;
+-------------------+---------------------+


+------------------------------------------------------------------------------------------------------------------+
; Flow Non-Default Global Settings                                                                                 ;
+------------------------------------+------------------------------+---------------+-------------+----------------+
; Assignment Name                    ; Value                        ; Default Value ; Entity Name ; Section Id     ;
+------------------------------------+------------------------------+---------------+-------------+----------------+
; COMPILER_SIGNATURE_ID              ; 165396995275.135513384006116 ; --            ; --          ; --             ;
; IP_TOOL_NAME                       ; RAM: 1-PORT                  ; --            ; --          ; --             ;
; IP_TOOL_NAME                       ; RAM: 1-PORT                  ; --            ; --          ; --             ;
; IP_TOOL_VERSION                    ; 8.1                          ; --            ; --          ; --             ;
; IP_TOOL_VERSION                    ; 8.1                          ; --            ; --          ; --             ;
; MAX_CORE_JUNCTION_TEMP             ; 85                           ; --            ; --          ; --             ;
; MIN_CORE_JUNCTION_TEMP             ; 0                            ; --            ; --          ; --             ;
; PARTITION_COLOR                    ; 16764057                     ; --            ; --          ; Top            ;
; PARTITION_NETLIST_TYPE             ; SOURCE                       ; --            ; --          ; Top            ;
; USE_GENERATED_PHYSICAL_CONSTRAINTS ; Off                          ; --            ; --          ; eda_blast_fpga ;
+------------------------------------+------------------------------+---------------+-------------+----------------+


+-----------------------------------------------------------------------------------------------------------------------------+
; Flow Elapsed Time                                                                                                           ;
+-------------------------+--------------+-------------------------+---------------------+------------------------------------+
; Module Name             ; Elapsed Time ; Average Processors Used ; Peak Virtual Memory ; Total CPU Time (on all processors) ;
+-------------------------+--------------+-------------------------+---------------------+------------------------------------+
; Analysis & Synthesis    ; 00:00:07     ; 1.0                     ; 204 MB              ; 00:00:06                           ;
; Fitter                  ; 00:00:14     ; 1.0                     ; 263 MB              ; 00:00:12                           ;
; Assembler               ; 00:00:07     ; 1.0                     ; 241 MB              ; 00:00:06                           ;
; Classic Timing Analyzer ; 00:00:02     ; 1.0                     ; 153 MB              ; 00:00:02                           ;
; Total                   ; 00:00:30     ; --                      ; --                  ; 00:00:26                           ;
+-------------------------+--------------+-------------------------+---------------------+------------------------------------+


+------------------------------------------------------------------------------------------+
; Flow OS Summary                                                                          ;
+-------------------------+------------------+---------------+------------+----------------+
; Module Name             ; Machine Hostname ; OS Name       ; OS Version ; Processor type ;
+-------------------------+------------------+---------------+------------+----------------+
; Analysis & Synthesis    ; nhan-PC          ; Windows Vista ; 6.1        ; i686           ;
; Fitter                  ; nhan-PC          ; Windows Vista ; 6.1        ; i686           ;
; Assembler               ; nhan-PC          ; Windows Vista ; 6.1        ; i686           ;
; Classic Timing Analyzer ; nhan-PC          ; Windows Vista ; 6.1        ; i686           ;
+-------------------------+------------------+---------------+------------+----------------+


------------
; Flow Log ;
------------
quartus_map --read_settings_files=on --write_settings_files=off RISC_processor -c RISC_processor
quartus_fit --read_settings_files=off --write_settings_files=off RISC_processor -c RISC_processor
quartus_asm --read_settings_files=off --write_settings_files=off RISC_processor -c RISC_processor
quartus_tan --read_settings_files=off --write_settings_files=off RISC_processor -c RISC_processor --timing_analysis_only



